<?xml version="1.0" encoding="UTF-8"?>
<!-- Generated by org.testng.reporters.JUnitXMLReporter -->
<testsuite hostname="Maram-PC" ignored="12" name="First test Chrome" tests="5" failures="0" timestamp="06 mars 2017 01:15:08 GMT" time="58.222" errors="0">
  <testcase name="openBrowser" time="0.011" classname="automotation.Login"/>
  <testcase name="massCalculate" time="4.873" classname="automotation.MassCalculator"/>
  <testcase name="densityCalculate" time="2.059" classname="automotation.DensityCalculator"/>
  <testcase name="densityCalculate" time="3.555" classname="automotation.DensityCalculator"/>
  <testcase name="quitBrowser" time="0.001" classname="automotation.Logout"/>
  <testcase name="@BeforeTest initialiseBrowser" time="0.0" classname="automotation.Hooks">
    <ignored/>
  </testcase> <!-- @BeforeTest initialiseBrowser -->
  <testcase name="@BeforeTest initialiseBrowser" time="0.0" classname="automotation.Hooks">
    <ignored/>
  </testcase> <!-- @BeforeTest initialiseBrowser -->
  <testcase name="@BeforeTest initialiseBrowser" time="0.0" classname="automotation.Hooks">
    <ignored/>
  </testcase> <!-- @BeforeTest initialiseBrowser -->
  <testcase name="@AfterSuite AftereSuite" time="0.0" classname="automotation.Hooks">
    <ignored/>
  </testcase> <!-- @AfterSuite AftereSuite -->
  <testcase name="@AfterSuite AftereSuite" time="0.0" classname="automotation.Hooks">
    <ignored/>
  </testcase> <!-- @AfterSuite AftereSuite -->
  <testcase name="@AfterSuite AftereSuite" time="0.0" classname="automotation.Hooks">
    <ignored/>
  </testcase> <!-- @AfterSuite AftereSuite -->
  <testcase name="@AfterTest closeBrowser" time="0.0" classname="automotation.Hooks">
    <ignored/>
  </testcase> <!-- @AfterTest closeBrowser -->
  <testcase name="@AfterTest closeBrowser" time="0.0" classname="automotation.Hooks">
    <ignored/>
  </testcase> <!-- @AfterTest closeBrowser -->
  <testcase name="@AfterTest closeBrowser" time="0.0" classname="automotation.Hooks">
    <ignored/>
  </testcase> <!-- @AfterTest closeBrowser -->
  <testcase name="@BeforeSuite BeforeSuite" time="0.0" classname="automotation.Hooks">
    <ignored/>
  </testcase> <!-- @BeforeSuite BeforeSuite -->
  <testcase name="@BeforeSuite BeforeSuite" time="0.0" classname="automotation.Hooks">
    <ignored/>
  </testcase> <!-- @BeforeSuite BeforeSuite -->
  <testcase name="@BeforeSuite BeforeSuite" time="0.0" classname="automotation.Hooks">
    <ignored/>
  </testcase> <!-- @BeforeSuite BeforeSuite -->
</testsuite> <!-- First test Chrome -->
