<?xml version="1.0" encoding="UTF-8"?>
<!-- Generated by org.testng.reporters.JUnitXMLReporter -->
<testsuite hostname="Maram-PC" ignored="6" name="First test" tests="5" failures="0" timestamp="05 mars 2017 18:34:02 GMT" time="15.908" errors="0">
  <testcase name="openBrowser" time="0.0" classname="automotation.Login"/>
  <testcase name="massCalculate" time="3.748" classname="automotation.MassCalculator"/>
  <testcase name="densityCalculate" time="2.551" classname="automotation.DensityCalculator"/>
  <testcase name="densityCalculate" time="2.639" classname="automotation.DensityCalculator"/>
  <testcase name="quitBrowser" time="0.003" classname="automotation.Logout"/>
  <testcase name="@BeforeSuite initialiseBrowser" time="0.0" classname="automotation.Hooks">
    <ignored/>
  </testcase> <!-- @BeforeSuite initialiseBrowser -->
  <testcase name="@BeforeSuite initialiseBrowser" time="0.0" classname="automotation.Hooks">
    <ignored/>
  </testcase> <!-- @BeforeSuite initialiseBrowser -->
  <testcase name="@BeforeSuite initialiseBrowser" time="0.0" classname="automotation.Hooks">
    <ignored/>
  </testcase> <!-- @BeforeSuite initialiseBrowser -->
  <testcase name="@AfterSuite closeBrowser" time="0.0" classname="automotation.Hooks">
    <ignored/>
  </testcase> <!-- @AfterSuite closeBrowser -->
  <testcase name="@AfterSuite closeBrowser" time="0.0" classname="automotation.Hooks">
    <ignored/>
  </testcase> <!-- @AfterSuite closeBrowser -->
  <testcase name="@AfterSuite closeBrowser" time="0.0" classname="automotation.Hooks">
    <ignored/>
  </testcase> <!-- @AfterSuite closeBrowser -->
</testsuite> <!-- First test -->
