<?xml version="1.0" encoding="UTF-8"?>
<!-- Generated by org.testng.reporters.JUnitXMLReporter -->
<testsuite hostname="Maram-PC" ignored="12" name="First test Firefox" tests="5" failures="0" timestamp="06 mars 2017 01:15:53 GMT" time="44.489" errors="0">
  <testcase name="openBrowser" time="0.001" classname="automotation.Login"/>
  <testcase name="massCalculate" time="2.751" classname="automotation.MassCalculator"/>
  <testcase name="densityCalculate" time="3.911" classname="automotation.DensityCalculator"/>
  <testcase name="densityCalculate" time="1.193" classname="automotation.DensityCalculator"/>
  <testcase name="quitBrowser" time="0.002" classname="automotation.Logout"/>
  <testcase name="@BeforeTest initialiseBrowser" time="0.0" classname="automotation.Hooks">
    <ignored/>
  </testcase> <!-- @BeforeTest initialiseBrowser -->
  <testcase name="@BeforeTest initialiseBrowser" time="0.0" classname="automotation.Hooks">
    <ignored/>
  </testcase> <!-- @BeforeTest initialiseBrowser -->
  <testcase name="@BeforeTest initialiseBrowser" time="0.0" classname="automotation.Hooks">
    <ignored/>
  </testcase> <!-- @BeforeTest initialiseBrowser -->
  <testcase name="@AfterSuite AftereSuite" time="0.0" classname="automotation.Hooks">
    <ignored/>
  </testcase> <!-- @AfterSuite AftereSuite -->
  <testcase name="@AfterSuite AftereSuite" time="0.0" classname="automotation.Hooks">
    <ignored/>
  </testcase> <!-- @AfterSuite AftereSuite -->
  <testcase name="@AfterSuite AftereSuite" time="0.0" classname="automotation.Hooks">
    <ignored/>
  </testcase> <!-- @AfterSuite AftereSuite -->
  <testcase name="@AfterTest closeBrowser" time="0.0" classname="automotation.Hooks">
    <ignored/>
  </testcase> <!-- @AfterTest closeBrowser -->
  <testcase name="@AfterTest closeBrowser" time="0.0" classname="automotation.Hooks">
    <ignored/>
  </testcase> <!-- @AfterTest closeBrowser -->
  <testcase name="@AfterTest closeBrowser" time="0.0" classname="automotation.Hooks">
    <ignored/>
  </testcase> <!-- @AfterTest closeBrowser -->
  <testcase name="@BeforeSuite BeforeSuite" time="0.0" classname="automotation.Hooks">
    <ignored/>
  </testcase> <!-- @BeforeSuite BeforeSuite -->
  <testcase name="@BeforeSuite BeforeSuite" time="0.0" classname="automotation.Hooks">
    <ignored/>
  </testcase> <!-- @BeforeSuite BeforeSuite -->
  <testcase name="@BeforeSuite BeforeSuite" time="0.0" classname="automotation.Hooks">
    <ignored/>
  </testcase> <!-- @BeforeSuite BeforeSuite -->
</testsuite> <!-- First test Firefox -->
