<?xml version="1.0" encoding="UTF-8"?>
<!-- Generated by org.testng.reporters.JUnitXMLReporter -->
<testsuite hostname="Maram-PC" ignored="12" name="First test FirefoxTest" tests="5" failures="2" timestamp="05 mars 2017 19:38:55 GMT" time="25.762" errors="0">
  <testcase name="openBrowser" time="0.0" classname="automotation.Login"/>
  <testcase name="massCalculate" time="2.405" classname="automotation.MassCalculator">
    <failure type="java.lang.IllegalArgumentException" message="partName">
      <![CDATA[java.lang.IllegalArgumentException: partName
	at org.apache.poi.openxml4j.opc.OPCPackage.removePart(OPCPackage.java:1023)
	at org.apache.poi.openxml4j.opc.PackagePart.getOutputStream(PackagePart.java:521)
	at org.apache.poi.POIXMLProperties.commit(POIXMLProperties.java:221)
	at org.apache.poi.POIXMLDocument.write(POIXMLDocument.java:246)
	at utilities.ExcelUtils.setCellData(ExcelUtils.java:144)
	at automotation.MassCalculator.massCalculate(MassCalculator.java:41)
	at java.util.concurrent.FutureTask.run(Unknown Source)
	at java.util.concurrent.ThreadPoolExecutor.runWorker(Unknown Source)
	at java.util.concurrent.ThreadPoolExecutor$Worker.run(Unknown Source)
	at java.lang.Thread.run(Unknown Source)
... Removed 16 stack frames]]>
    </failure>
  </testcase> <!-- massCalculate -->
  <testcase name="densityCalculate" time="1.491" classname="automotation.DensityCalculator"/>
  <testcase name="densityCalculate" time="1.256" classname="automotation.DensityCalculator">
    <failure type="java.io.FileNotFoundException" message="C:\Users\Maram\workspace\com.testauto.cucumber\src\test\resources\dataDrivenFiles\TestData.xlsx (L’opération demandée n’a pu s’accomplir sur un fichier ayant une section mappée utilisateur ouverte)">
      <![CDATA[java.io.FileNotFoundException: C:\Users\Maram\workspace\com.testauto.cucumber\src\test\resources\dataDrivenFiles\TestData.xlsx (L’opération demandée n’a pu s’accomplir sur un fichier ayant une section mappée utilisateur ouverte)
	at java.io.FileOutputStream.open(Native Method)
	at java.io.FileOutputStream.<init>(Unknown Source)
	at java.io.FileOutputStream.<init>(Unknown Source)
	at utilities.ExcelUtils.setCellData(ExcelUtils.java:142)
	at automotation.DensityCalculator.densityCalculate(DensityCalculator.java:45)
	at java.util.concurrent.FutureTask.run(Unknown Source)
	at java.util.concurrent.ThreadPoolExecutor.runWorker(Unknown Source)
	at java.util.concurrent.ThreadPoolExecutor$Worker.run(Unknown Source)
	at java.lang.Thread.run(Unknown Source)
... Removed 16 stack frames]]>
    </failure>
  </testcase> <!-- densityCalculate -->
  <testcase name="quitBrowser" time="0.002" classname="automotation.Logout"/>
  <testcase name="@BeforeTest initialiseBrowser" time="0.0" classname="automotation.Hooks">
    <ignored/>
  </testcase> <!-- @BeforeTest initialiseBrowser -->
  <testcase name="@BeforeTest initialiseBrowser" time="0.0" classname="automotation.Hooks">
    <ignored/>
  </testcase> <!-- @BeforeTest initialiseBrowser -->
  <testcase name="@BeforeTest initialiseBrowser" time="0.0" classname="automotation.Hooks">
    <ignored/>
  </testcase> <!-- @BeforeTest initialiseBrowser -->
  <testcase name="@AfterSuite AftereSuite" time="0.0" classname="automotation.Hooks">
    <ignored/>
  </testcase> <!-- @AfterSuite AftereSuite -->
  <testcase name="@AfterSuite AftereSuite" time="0.0" classname="automotation.Hooks">
    <ignored/>
  </testcase> <!-- @AfterSuite AftereSuite -->
  <testcase name="@AfterSuite AftereSuite" time="0.0" classname="automotation.Hooks">
    <ignored/>
  </testcase> <!-- @AfterSuite AftereSuite -->
  <testcase name="@AfterTest closeBrowser" time="0.0" classname="automotation.Hooks">
    <ignored/>
  </testcase> <!-- @AfterTest closeBrowser -->
  <testcase name="@AfterTest closeBrowser" time="0.0" classname="automotation.Hooks">
    <ignored/>
  </testcase> <!-- @AfterTest closeBrowser -->
  <testcase name="@AfterTest closeBrowser" time="0.0" classname="automotation.Hooks">
    <ignored/>
  </testcase> <!-- @AfterTest closeBrowser -->
  <testcase name="@BeforeSuite BeforeSuite" time="0.0" classname="automotation.Hooks">
    <ignored/>
  </testcase> <!-- @BeforeSuite BeforeSuite -->
  <testcase name="@BeforeSuite BeforeSuite" time="0.0" classname="automotation.Hooks">
    <ignored/>
  </testcase> <!-- @BeforeSuite BeforeSuite -->
  <testcase name="@BeforeSuite BeforeSuite" time="0.0" classname="automotation.Hooks">
    <ignored/>
  </testcase> <!-- @BeforeSuite BeforeSuite -->
</testsuite> <!-- First test FirefoxTest -->
