<?xml version="1.0" encoding="UTF-8"?>
<!-- Generated by org.testng.reporters.JUnitXMLReporter -->
<testsuite hostname="Maram-PC" ignored="2" name="Second test" tests="3" failures="0" timestamp="05 mars 2017 18:34:13 GMT" time="10.421" errors="0">
  <testcase name="massCalculate" time="2.139" classname="automotation.MassCalculator"/>
  <testcase name="densityCalculate" time="1.936" classname="automotation.DensityCalculator"/>
  <testcase name="densityCalculate" time="3.039" classname="automotation.DensityCalculator"/>
  <testcase name="@BeforeSuite initialiseBrowser" time="0.0" classname="automotation.Hooks">
    <ignored/>
  </testcase> <!-- @BeforeSuite initialiseBrowser -->
  <testcase name="@AfterSuite closeBrowser" time="0.0" classname="automotation.Hooks">
    <ignored/>
  </testcase> <!-- @AfterSuite closeBrowser -->
</testsuite> <!-- Second test -->
