<?xml version="1.0" encoding="UTF-8"?>
<!-- Generated by org.testng.reporters.JUnitXMLReporter -->
<testsuite hostname="Maram-PC" ignored="6" name="Default test" tests="5" failures="0" timestamp="05 mars 2017 18:24:40 GMT" time="16.518" errors="0">
  <testcase name="openBrowser" time="0.0" classname="automotation.Login"/>
  <testcase name="massCalculate" time="3.982" classname="automotation.MassCalculator"/>
  <testcase name="densityCalculate" time="2.046" classname="automotation.DensityCalculator"/>
  <testcase name="densityCalculate" time="2.711" classname="automotation.DensityCalculator"/>
  <testcase name="quitBrowser" time="0.0" classname="automotation.Logout"/>
  <testcase name="@BeforeSuite initialiseBrowser" time="0.0" classname="automotation.Hooks">
    <ignored/>
  </testcase> <!-- @BeforeSuite initialiseBrowser -->
  <testcase name="@BeforeSuite initialiseBrowser" time="0.0" classname="automotation.Hooks">
    <ignored/>
  </testcase> <!-- @BeforeSuite initialiseBrowser -->
  <testcase name="@BeforeSuite initialiseBrowser" time="0.0" classname="automotation.Hooks">
    <ignored/>
  </testcase> <!-- @BeforeSuite initialiseBrowser -->
  <testcase name="@AfterSuite closeBrowser" time="0.0" classname="automotation.Hooks">
    <ignored/>
  </testcase> <!-- @AfterSuite closeBrowser -->
  <testcase name="@AfterSuite closeBrowser" time="0.0" classname="automotation.Hooks">
    <ignored/>
  </testcase> <!-- @AfterSuite closeBrowser -->
  <testcase name="@AfterSuite closeBrowser" time="0.0" classname="automotation.Hooks">
    <ignored/>
  </testcase> <!-- @AfterSuite closeBrowser -->
</testsuite> <!-- Default test -->
